2025-09-01T07:45:20.033+05:30  INFO 22720 --- [USER-AUTHENTICATION-SERVICE] [restartedMain] c.hospital.CarerOutfitServerApplication  : Starting CarerOutfitServerApplication using Java 21.0.7 with PID 22720 (C:\Users\226m1\OneDrive\Desktop\Hospital management\UserAuth-Server\target\classes started by 226m1 in C:\Users\226m1\OneDrive\Desktop\Hospital management\UserAuth-Server)
2025-09-01T07:45:20.042+05:30  INFO 22720 --- [USER-AUTHENTICATION-SERVICE] [restartedMain] c.hospital.CarerOutfitServerApplication  : No active profile set, falling back to 1 default profile: "default"
2025-09-01T07:45:20.139+05:30  INFO 22720 --- [USER-AUTHENTICATION-SERVICE] [restartedMain] o.s.c.c.c.ConfigServerConfigDataLoader   : Fetching config from server at : http://localhost:9092
2025-09-01T07:45:20.141+05:30  INFO 22720 --- [USER-AUTHENTICATION-SERVICE] [restartedMain] o.s.c.c.c.ConfigServerConfigDataLoader   : Located environment: name=USER-AUTHENTICATION-SERVICE, profiles=[default], label=null, version=14dadc3e11ddbe0225635e5e5bfece5c2269a127, state=
2025-09-01T07:45:20.144+05:30  INFO 22720 --- [USER-AUTHENTICATION-SERVICE] [restartedMain] .e.DevToolsPropertyDefaultsPostProcessor : Devtools property defaults active! Set 'spring.devtools.add-properties' to 'false' to disable
2025-09-01T07:45:20.145+05:30  INFO 22720 --- [USER-AUTHENTICATION-SERVICE] [restartedMain] .e.DevToolsPropertyDefaultsPostProcessor : For additional web related logging consider setting the 'logging.level.web' property to 'DEBUG'
2025-09-01T07:45:22.464+05:30  INFO 22720 --- [USER-AUTHENTICATION-SERVICE] [restartedMain] .s.d.r.c.RepositoryConfigurationDelegate : Bootstrapping Spring Data JPA repositories in DEFAULT mode.
2025-09-01T07:45:22.746+05:30  INFO 22720 --- [USER-AUTHENTICATION-SERVICE] [restartedMain] .s.d.r.c.RepositoryConfigurationDelegate : Finished Spring Data repository scanning in 268 ms. Found 2 JPA repository interfaces.
2025-09-01T07:45:23.207+05:30  INFO 22720 --- [USER-AUTHENTICATION-SERVICE] [restartedMain] o.s.cloud.context.scope.GenericScope     : BeanFactory id=82d0179c-0207-38c3-9289-e68672e2152b
2025-09-01T07:45:24.154+05:30  INFO 22720 --- [USER-AUTHENTICATION-SERVICE] [restartedMain] o.s.b.w.embedded.tomcat.TomcatWebServer  : Tomcat initialized with port 8087 (http)
2025-09-01T07:45:24.188+05:30  INFO 22720 --- [USER-AUTHENTICATION-SERVICE] [restartedMain] o.apache.catalina.core.StandardService   : Starting service [Tomcat]
2025-09-01T07:45:24.194+05:30  INFO 22720 --- [USER-AUTHENTICATION-SERVICE] [restartedMain] o.apache.catalina.core.StandardEngine    : Starting Servlet engine: [Apache Tomcat/10.1.44]
2025-09-01T07:45:24.355+05:30  INFO 22720 --- [USER-AUTHENTICATION-SERVICE] [restartedMain] o.a.c.c.C.[Tomcat].[localhost].[/]       : Initializing Spring embedded WebApplicationContext
2025-09-01T07:45:24.356+05:30  INFO 22720 --- [USER-AUTHENTICATION-SERVICE] [restartedMain] w.s.c.ServletWebServerApplicationContext : Root WebApplicationContext: initialization completed in 4209 ms
2025-09-01T07:45:25.085+05:30  INFO 22720 --- [USER-AUTHENTICATION-SERVICE] [restartedMain] o.hibernate.jpa.internal.util.LogHelper  : HHH000204: Processing PersistenceUnitInfo [name: default]
2025-09-01T07:45:25.162+05:30  INFO 22720 --- [USER-AUTHENTICATION-SERVICE] [restartedMain] org.hibernate.Version                    : HHH000412: Hibernate ORM core version 6.6.26.Final
2025-09-01T07:45:25.213+05:30  INFO 22720 --- [USER-AUTHENTICATION-SERVICE] [restartedMain] o.h.c.internal.RegionFactoryInitiator    : HHH000026: Second-level cache disabled
2025-09-01T07:45:25.554+05:30  INFO 22720 --- [USER-AUTHENTICATION-SERVICE] [restartedMain] o.s.o.j.p.SpringPersistenceUnitInfo      : No LoadTimeWeaver setup: ignoring JPA class transformer
2025-09-01T07:45:25.612+05:30  INFO 22720 --- [USER-AUTHENTICATION-SERVICE] [restartedMain] com.zaxxer.hikari.HikariDataSource       : HikariPool-1 - Starting...
2025-09-01T07:45:26.330+05:30  INFO 22720 --- [USER-AUTHENTICATION-SERVICE] [restartedMain] com.zaxxer.hikari.pool.HikariPool        : HikariPool-1 - Added connection com.mysql.cj.jdbc.ConnectionImpl@727583f8
2025-09-01T07:45:26.336+05:30  INFO 22720 --- [USER-AUTHENTICATION-SERVICE] [restartedMain] com.zaxxer.hikari.HikariDataSource       : HikariPool-1 - Start completed.
2025-09-01T07:45:26.583+05:30  INFO 22720 --- [USER-AUTHENTICATION-SERVICE] [restartedMain] org.hibernate.orm.connections.pooling    : HHH10001005: Database info:
	Database JDBC URL [Connecting through datasource 'HikariDataSource (HikariPool-1)']
	Database driver: undefined/unknown
	Database version: 8.0.42
	Autocommit mode: undefined/unknown
	Isolation level: undefined/unknown
	Minimum pool size: undefined/unknown
	Maximum pool size: undefined/unknown
2025-09-01T07:45:28.137+05:30  INFO 22720 --- [USER-AUTHENTICATION-SERVICE] [restartedMain] o.h.e.t.j.p.i.JtaPlatformInitiator       : HHH000489: No JTA platform available (set 'hibernate.transaction.jta.platform' to enable JTA platform integration)
2025-09-01T07:45:28.360+05:30  INFO 22720 --- [USER-AUTHENTICATION-SERVICE] [restartedMain] j.LocalContainerEntityManagerFactoryBean : Initialized JPA EntityManagerFactory for persistence unit 'default'
2025-09-01T07:45:28.894+05:30 DEBUG 22720 --- [USER-AUTHENTICATION-SERVICE] [restartedMain] org.hibernate.SQL                        : 
    select
        u1_0.id,
        u1_0.email,
        u1_0.name,
        u1_0.password,
        u1_0.user_role 
    from
        user u1_0 
    where
        u1_0.user_role=?
2025-09-01T07:45:29.021+05:30  INFO 22720 --- [USER-AUTHENTICATION-SERVICE] [restartedMain] eAuthenticationProviderManagerConfigurer : Global AuthenticationManager configured with AuthenticationProvider bean with name authenticationProvider
2025-09-01T07:45:29.097+05:30  WARN 22720 --- [USER-AUTHENTICATION-SERVICE] [restartedMain] JpaBaseConfiguration$JpaWebConfiguration : spring.jpa.open-in-view is enabled by default. Therefore, database queries may be performed during view rendering. Explicitly configure spring.jpa.open-in-view to disable this warning
2025-09-01T07:45:30.519+05:30  INFO 22720 --- [USER-AUTHENTICATION-SERVICE] [restartedMain] o.s.cloud.commons.util.InetUtils         : Cannot determine local hostname
2025-09-01T07:45:30.807+05:30  INFO 22720 --- [USER-AUTHENTICATION-SERVICE] [restartedMain] o.s.b.a.e.web.EndpointLinksResolver      : Exposing 17 endpoints beneath base path '/actuator'
2025-09-01T07:45:31.543+05:30  INFO 22720 --- [USER-AUTHENTICATION-SERVICE] [restartedMain] o.s.b.d.a.OptionalLiveReloadServer       : LiveReload server is running on port 35729
2025-09-01T07:45:32.571+05:30  INFO 22720 --- [USER-AUTHENTICATION-SERVICE] [restartedMain] o.s.cloud.commons.util.InetUtils         : Cannot determine local hostname
2025-09-01T07:45:32.631+05:30  INFO 22720 --- [USER-AUTHENTICATION-SERVICE] [restartedMain] DiscoveryClientOptionalArgsConfiguration : Eureka HTTP Client uses RestTemplate.
2025-09-01T07:45:32.762+05:30  WARN 22720 --- [USER-AUTHENTICATION-SERVICE] [restartedMain] iguration$LoadBalancerCaffeineWarnLogger : Spring Cloud LoadBalancer is currently working with the default cache. While this cache implementation is useful for development and tests, it's recommended to use Caffeine cache in production.You can switch to using Caffeine cache, by adding it and org.springframework.cache.caffeine.CaffeineCacheManager to the classpath.
2025-09-01T07:45:32.853+05:30  INFO 22720 --- [USER-AUTHENTICATION-SERVICE] [restartedMain] o.s.c.n.eureka.InstanceInfoFactory       : Setting initial instance status as: STARTING
2025-09-01T07:45:32.886+05:30  INFO 22720 --- [USER-AUTHENTICATION-SERVICE] [restartedMain] com.netflix.discovery.DiscoveryClient    : Initializing Eureka in region us-east-1
2025-09-01T07:45:32.892+05:30  INFO 22720 --- [USER-AUTHENTICATION-SERVICE] [restartedMain] c.n.d.s.r.aws.ConfigClusterResolver      : Resolving eureka endpoints via configuration
2025-09-01T07:45:32.904+05:30  INFO 22720 --- [USER-AUTHENTICATION-SERVICE] [restartedMain] com.netflix.discovery.DiscoveryClient    : Disable delta property : false
2025-09-01T07:45:32.904+05:30  INFO 22720 --- [USER-AUTHENTICATION-SERVICE] [restartedMain] com.netflix.discovery.DiscoveryClient    : Single vip registry refresh property : null
2025-09-01T07:45:32.904+05:30  INFO 22720 --- [USER-AUTHENTICATION-SERVICE] [restartedMain] com.netflix.discovery.DiscoveryClient    : Force full registry fetch : false
2025-09-01T07:45:32.904+05:30  INFO 22720 --- [USER-AUTHENTICATION-SERVICE] [restartedMain] com.netflix.discovery.DiscoveryClient    : Application is null : false
2025-09-01T07:45:32.905+05:30  INFO 22720 --- [USER-AUTHENTICATION-SERVICE] [restartedMain] com.netflix.discovery.DiscoveryClient    : Registered Applications size is zero : true
2025-09-01T07:45:32.905+05:30  INFO 22720 --- [USER-AUTHENTICATION-SERVICE] [restartedMain] com.netflix.discovery.DiscoveryClient    : Application version is -1: true
2025-09-01T07:45:32.905+05:30  INFO 22720 --- [USER-AUTHENTICATION-SERVICE] [restartedMain] com.netflix.discovery.DiscoveryClient    : Getting all instance registry info from the eureka server
2025-09-01T07:45:33.224+05:30  INFO 22720 --- [USER-AUTHENTICATION-SERVICE] [restartedMain] com.netflix.discovery.DiscoveryClient    : The response status is 200
2025-09-01T07:45:33.226+05:30  INFO 22720 --- [USER-AUTHENTICATION-SERVICE] [restartedMain] com.netflix.discovery.DiscoveryClient    : Starting heartbeat executor: renew interval is: 30
2025-09-01T07:45:33.228+05:30  INFO 22720 --- [USER-AUTHENTICATION-SERVICE] [restartedMain] c.n.discovery.InstanceInfoReplicator     : InstanceInfoReplicator onDemand update allowed rate per min is 4
2025-09-01T07:45:33.230+05:30  INFO 22720 --- [USER-AUTHENTICATION-SERVICE] [restartedMain] com.netflix.discovery.DiscoveryClient    : Discovery Client initialized at timestamp 1756692933230 with initial instances count: 2
2025-09-01T07:45:33.236+05:30  INFO 22720 --- [USER-AUTHENTICATION-SERVICE] [restartedMain] o.s.c.n.e.s.EurekaServiceRegistry        : Registering application USER-AUTHENTICATION-SERVICE with eureka with status UP
2025-09-01T07:45:33.237+05:30  INFO 22720 --- [USER-AUTHENTICATION-SERVICE] [restartedMain] com.netflix.discovery.DiscoveryClient    : Saw local status change event StatusChangeEvent [timestamp=1756692933237, current=UP, previous=STARTING]
2025-09-01T07:45:33.240+05:30  INFO 22720 --- [USER-AUTHENTICATION-SERVICE] [DiscoveryClient-InstanceInfoReplicator-%d] com.netflix.discovery.DiscoveryClient    : DiscoveryClient_USER-AUTHENTICATION-SERVICE/localhost:USER-AUTHENTICATION-SERVICE:8087: registering service...
2025-09-01T07:45:33.267+05:30  INFO 22720 --- [USER-AUTHENTICATION-SERVICE] [restartedMain] o.s.b.w.embedded.tomcat.TomcatWebServer  : Tomcat started on port 8087 (http) with context path '/'
2025-09-01T07:45:33.268+05:30  INFO 22720 --- [USER-AUTHENTICATION-SERVICE] [restartedMain] .s.c.n.e.s.EurekaAutoServiceRegistration : Updating port to 8087
2025-09-01T07:45:33.299+05:30  INFO 22720 --- [USER-AUTHENTICATION-SERVICE] [DiscoveryClient-InstanceInfoReplicator-%d] com.netflix.discovery.DiscoveryClient    : DiscoveryClient_USER-AUTHENTICATION-SERVICE/localhost:USER-AUTHENTICATION-SERVICE:8087 - registration status: 204
2025-09-01T07:45:34.275+05:30  INFO 22720 --- [USER-AUTHENTICATION-SERVICE] [restartedMain] o.s.cloud.commons.util.InetUtils         : Cannot determine local hostname
2025-09-01T07:45:34.303+05:30  INFO 22720 --- [USER-AUTHENTICATION-SERVICE] [restartedMain] c.hospital.CarerOutfitServerApplication  : Started CarerOutfitServerApplication in 19.432 seconds (process running for 20.878)
2025-09-01T07:45:34.925+05:30  INFO 22720 --- [USER-AUTHENTICATION-SERVICE] [RMI TCP Connection(7)-127.0.0.1] o.a.c.c.C.[Tomcat].[localhost].[/]       : Initializing Spring DispatcherServlet 'dispatcherServlet'
2025-09-01T07:45:34.925+05:30  INFO 22720 --- [USER-AUTHENTICATION-SERVICE] [RMI TCP Connection(7)-127.0.0.1] o.s.web.servlet.DispatcherServlet        : Initializing Servlet 'dispatcherServlet'
2025-09-01T07:45:34.928+05:30  INFO 22720 --- [USER-AUTHENTICATION-SERVICE] [RMI TCP Connection(7)-127.0.0.1] o.s.web.servlet.DispatcherServlet        : Completed initialization in 3 ms
2025-09-01T07:46:39.250+05:30 DEBUG 22720 --- [USER-AUTHENTICATION-SERVICE] [http-nio-8087-exec-1] org.hibernate.SQL                        : 
    select
        u1_0.id,
        u1_0.email,
        u1_0.name,
        u1_0.password,
        u1_0.user_role 
    from
        user u1_0 
    where
        u1_0.email=? 
    limit
        ?
2025-09-01T07:46:39.356+05:30 DEBUG 22720 --- [USER-AUTHENTICATION-SERVICE] [http-nio-8087-exec-1] org.hibernate.SQL                        : 
    select
        u1_0.id,
        u1_0.email,
        u1_0.name,
        u1_0.password,
        u1_0.user_role 
    from
        user u1_0 
    where
        u1_0.email=? 
    limit
        ?
2025-09-01T07:46:39.360+05:30 DEBUG 22720 --- [USER-AUTHENTICATION-SERVICE] [http-nio-8087-exec-1] org.hibernate.SQL                        : 
    select
        u1_0.id,
        u1_0.email,
        u1_0.name,
        u1_0.password,
        u1_0.user_role 
    from
        user u1_0 
    where
        u1_0.email=? 
    limit
        ?
2025-09-01T07:50:32.923+05:30  INFO 22720 --- [USER-AUTHENTICATION-SERVICE] [AsyncResolver-bootstrap-executor-%d] c.n.d.s.r.aws.ConfigClusterResolver      : Resolving eureka endpoints via configuration
2025-09-01T07:55:32.952+05:30  INFO 22720 --- [USER-AUTHENTICATION-SERVICE] [AsyncResolver-bootstrap-executor-%d] c.n.d.s.r.aws.ConfigClusterResolver      : Resolving eureka endpoints via configuration
2025-09-01T08:00:32.965+05:30  INFO 22720 --- [USER-AUTHENTICATION-SERVICE] [AsyncResolver-bootstrap-executor-%d] c.n.d.s.r.aws.ConfigClusterResolver      : Resolving eureka endpoints via configuration
2025-09-01T08:05:32.988+05:30  INFO 22720 --- [USER-AUTHENTICATION-SERVICE] [AsyncResolver-bootstrap-executor-%d] c.n.d.s.r.aws.ConfigClusterResolver      : Resolving eureka endpoints via configuration
2025-09-01T08:10:32.994+05:30  INFO 22720 --- [USER-AUTHENTICATION-SERVICE] [AsyncResolver-bootstrap-executor-%d] c.n.d.s.r.aws.ConfigClusterResolver      : Resolving eureka endpoints via configuration
2025-09-01T08:15:32.998+05:30  INFO 22720 --- [USER-AUTHENTICATION-SERVICE] [AsyncResolver-bootstrap-executor-%d] c.n.d.s.r.aws.ConfigClusterResolver      : Resolving eureka endpoints via configuration
2025-09-01T08:20:33.016+05:30  INFO 22720 --- [USER-AUTHENTICATION-SERVICE] [AsyncResolver-bootstrap-executor-%d] c.n.d.s.r.aws.ConfigClusterResolver      : Resolving eureka endpoints via configuration
2025-09-01T08:26:23.686+05:30  WARN 22720 --- [USER-AUTHENTICATION-SERVICE] [HikariPool-1:housekeeper] com.zaxxer.hikari.pool.HikariPool        : HikariPool-1 - Thread starvation or clock leap detected (housekeeper delta=1m56s697ms245µs900ns).
2025-09-01T08:27:06.075+05:30 DEBUG 22720 --- [USER-AUTHENTICATION-SERVICE] [http-nio-8087-exec-4] org.hibernate.SQL                        : 
    select
        u1_0.id,
        u1_0.email,
        u1_0.name,
        u1_0.password,
        u1_0.user_role 
    from
        user u1_0 
    where
        u1_0.email=? 
    limit
        ?
2025-09-01T08:27:06.116+05:30  INFO 22720 --- [USER-AUTHENTICATION-SERVICE] [AsyncResolver-bootstrap-executor-%d] c.n.d.s.r.aws.ConfigClusterResolver      : Resolving eureka endpoints via configuration
2025-09-01T08:27:06.564+05:30 DEBUG 22720 --- [USER-AUTHENTICATION-SERVICE] [http-nio-8087-exec-4] org.hibernate.SQL                        : 
    select
        u1_0.id,
        u1_0.email,
        u1_0.name,
        u1_0.password,
        u1_0.user_role 
    from
        user u1_0 
    where
        u1_0.email=? 
    limit
        ?
2025-09-01T08:27:06.579+05:30 DEBUG 22720 --- [USER-AUTHENTICATION-SERVICE] [http-nio-8087-exec-4] org.hibernate.SQL                        : 
    select
        u1_0.id,
        u1_0.email,
        u1_0.name,
        u1_0.password,
        u1_0.user_role 
    from
        user u1_0 
    where
        u1_0.email=? 
    limit
        ?
2025-09-01T08:32:06.137+05:30  INFO 22720 --- [USER-AUTHENTICATION-SERVICE] [AsyncResolver-bootstrap-executor-%d] c.n.d.s.r.aws.ConfigClusterResolver      : Resolving eureka endpoints via configuration
2025-09-01T08:46:29.322+05:30  WARN 22720 --- [USER-AUTHENTICATION-SERVICE] [HikariPool-1:housekeeper] com.zaxxer.hikari.pool.HikariPool        : HikariPool-1 - Thread starvation or clock leap detected (housekeeper delta=13m5s525ms531µs600ns).
2025-09-01T08:49:42.219+05:30  INFO 22720 --- [USER-AUTHENTICATION-SERVICE] [AsyncResolver-bootstrap-executor-%d] c.n.d.s.r.aws.ConfigClusterResolver      : Resolving eureka endpoints via configuration
2025-09-01T08:54:42.242+05:30  INFO 22720 --- [USER-AUTHENTICATION-SERVICE] [AsyncResolver-bootstrap-executor-%d] c.n.d.s.r.aws.ConfigClusterResolver      : Resolving eureka endpoints via configuration
2025-09-01T08:59:42.245+05:30  INFO 22720 --- [USER-AUTHENTICATION-SERVICE] [AsyncResolver-bootstrap-executor-%d] c.n.d.s.r.aws.ConfigClusterResolver      : Resolving eureka endpoints via configuration
2025-09-01T09:04:42.264+05:30  INFO 22720 --- [USER-AUTHENTICATION-SERVICE] [AsyncResolver-bootstrap-executor-%d] c.n.d.s.r.aws.ConfigClusterResolver      : Resolving eureka endpoints via configuration
2025-09-01T09:09:42.303+05:30  INFO 22720 --- [USER-AUTHENTICATION-SERVICE] [AsyncResolver-bootstrap-executor-%d] c.n.d.s.r.aws.ConfigClusterResolver      : Resolving eureka endpoints via configuration
2025-09-01T09:14:42.330+05:30  INFO 22720 --- [USER-AUTHENTICATION-SERVICE] [AsyncResolver-bootstrap-executor-%d] c.n.d.s.r.aws.ConfigClusterResolver      : Resolving eureka endpoints via configuration
2025-09-01T09:19:42.386+05:30  INFO 22720 --- [USER-AUTHENTICATION-SERVICE] [AsyncResolver-bootstrap-executor-%d] c.n.d.s.r.aws.ConfigClusterResolver      : Resolving eureka endpoints via configuration
2025-09-01T09:24:42.450+05:30  INFO 22720 --- [USER-AUTHENTICATION-SERVICE] [AsyncResolver-bootstrap-executor-%d] c.n.d.s.r.aws.ConfigClusterResolver      : Resolving eureka endpoints via configuration
2025-09-01T09:29:42.490+05:30  INFO 22720 --- [USER-AUTHENTICATION-SERVICE] [AsyncResolver-bootstrap-executor-%d] c.n.d.s.r.aws.ConfigClusterResolver      : Resolving eureka endpoints via configuration
2025-09-01T09:34:42.561+05:30  INFO 22720 --- [USER-AUTHENTICATION-SERVICE] [AsyncResolver-bootstrap-executor-%d] c.n.d.s.r.aws.ConfigClusterResolver      : Resolving eureka endpoints via configuration
2025-09-01T09:39:42.600+05:30  INFO 22720 --- [USER-AUTHENTICATION-SERVICE] [AsyncResolver-bootstrap-executor-%d] c.n.d.s.r.aws.ConfigClusterResolver      : Resolving eureka endpoints via configuration
2025-09-01T09:44:42.609+05:30  INFO 22720 --- [USER-AUTHENTICATION-SERVICE] [AsyncResolver-bootstrap-executor-%d] c.n.d.s.r.aws.ConfigClusterResolver      : Resolving eureka endpoints via configuration
2025-09-01T09:49:42.658+05:30  INFO 22720 --- [USER-AUTHENTICATION-SERVICE] [AsyncResolver-bootstrap-executor-%d] c.n.d.s.r.aws.ConfigClusterResolver      : Resolving eureka endpoints via configuration
2025-09-01T09:54:42.704+05:30  INFO 22720 --- [USER-AUTHENTICATION-SERVICE] [AsyncResolver-bootstrap-executor-%d] c.n.d.s.r.aws.ConfigClusterResolver      : Resolving eureka endpoints via configuration
2025-09-01T09:59:42.721+05:30  INFO 22720 --- [USER-AUTHENTICATION-SERVICE] [AsyncResolver-bootstrap-executor-%d] c.n.d.s.r.aws.ConfigClusterResolver      : Resolving eureka endpoints via configuration
2025-09-01T10:04:42.737+05:30  INFO 22720 --- [USER-AUTHENTICATION-SERVICE] [AsyncResolver-bootstrap-executor-%d] c.n.d.s.r.aws.ConfigClusterResolver      : Resolving eureka endpoints via configuration
2025-09-01T10:09:42.755+05:30  INFO 22720 --- [USER-AUTHENTICATION-SERVICE] [AsyncResolver-bootstrap-executor-%d] c.n.d.s.r.aws.ConfigClusterResolver      : Resolving eureka endpoints via configuration
2025-09-01T10:14:42.805+05:30  INFO 22720 --- [USER-AUTHENTICATION-SERVICE] [AsyncResolver-bootstrap-executor-%d] c.n.d.s.r.aws.ConfigClusterResolver      : Resolving eureka endpoints via configuration
2025-09-01T10:19:42.893+05:30  INFO 22720 --- [USER-AUTHENTICATION-SERVICE] [AsyncResolver-bootstrap-executor-%d] c.n.d.s.r.aws.ConfigClusterResolver      : Resolving eureka endpoints via configuration
2025-09-01T10:24:43.019+05:30  INFO 22720 --- [USER-AUTHENTICATION-SERVICE] [AsyncResolver-bootstrap-executor-%d] c.n.d.s.r.aws.ConfigClusterResolver      : Resolving eureka endpoints via configuration
2025-09-01T10:29:43.055+05:30  INFO 22720 --- [USER-AUTHENTICATION-SERVICE] [AsyncResolver-bootstrap-executor-%d] c.n.d.s.r.aws.ConfigClusterResolver      : Resolving eureka endpoints via configuration
2025-09-01T10:34:43.077+05:30  INFO 22720 --- [USER-AUTHENTICATION-SERVICE] [AsyncResolver-bootstrap-executor-%d] c.n.d.s.r.aws.ConfigClusterResolver      : Resolving eureka endpoints via configuration
2025-09-01T10:39:43.116+05:30  INFO 22720 --- [USER-AUTHENTICATION-SERVICE] [AsyncResolver-bootstrap-executor-%d] c.n.d.s.r.aws.ConfigClusterResolver      : Resolving eureka endpoints via configuration
2025-09-01T10:44:43.172+05:30  INFO 22720 --- [USER-AUTHENTICATION-SERVICE] [AsyncResolver-bootstrap-executor-%d] c.n.d.s.r.aws.ConfigClusterResolver      : Resolving eureka endpoints via configuration
2025-09-01T10:49:00.401+05:30 DEBUG 22720 --- [USER-AUTHENTICATION-SERVICE] [http-nio-8087-exec-3] org.hibernate.SQL                        : 
    select
        u1_0.id,
        u1_0.email,
        u1_0.name,
        u1_0.password,
        u1_0.user_role 
    from
        user u1_0 
    where
        u1_0.email=? 
    limit
        ?
2025-09-01T10:49:00.994+05:30 DEBUG 22720 --- [USER-AUTHENTICATION-SERVICE] [http-nio-8087-exec-3] org.hibernate.SQL                        : 
    select
        u1_0.id,
        u1_0.email,
        u1_0.name,
        u1_0.password,
        u1_0.user_role 
    from
        user u1_0 
    where
        u1_0.email=? 
    limit
        ?
2025-09-01T10:49:01.003+05:30 DEBUG 22720 --- [USER-AUTHENTICATION-SERVICE] [http-nio-8087-exec-3] org.hibernate.SQL                        : 
    select
        u1_0.id,
        u1_0.email,
        u1_0.name,
        u1_0.password,
        u1_0.user_role 
    from
        user u1_0 
    where
        u1_0.email=? 
    limit
        ?
2025-09-01T10:49:43.241+05:30  INFO 22720 --- [USER-AUTHENTICATION-SERVICE] [AsyncResolver-bootstrap-executor-%d] c.n.d.s.r.aws.ConfigClusterResolver      : Resolving eureka endpoints via configuration
2025-09-01T10:53:31.303+05:30 DEBUG 22720 --- [USER-AUTHENTICATION-SERVICE] [http-nio-8087-exec-7] org.hibernate.SQL                        : 
    select
        u1_0.id,
        u1_0.email,
        u1_0.name,
        u1_0.password,
        u1_0.user_role 
    from
        user u1_0 
    where
        u1_0.email=? 
    limit
        ?
2025-09-01T10:53:31.711+05:30 DEBUG 22720 --- [USER-AUTHENTICATION-SERVICE] [http-nio-8087-exec-7] org.hibernate.SQL                        : 
    select
        u1_0.id,
        u1_0.email,
        u1_0.name,
        u1_0.password,
        u1_0.user_role 
    from
        user u1_0 
    where
        u1_0.email=? 
    limit
        ?
2025-09-01T10:53:31.716+05:30 DEBUG 22720 --- [USER-AUTHENTICATION-SERVICE] [http-nio-8087-exec-7] org.hibernate.SQL                        : 
    select
        u1_0.id,
        u1_0.email,
        u1_0.name,
        u1_0.password,
        u1_0.user_role 
    from
        user u1_0 
    where
        u1_0.email=? 
    limit
        ?
2025-09-01T10:53:44.318+05:30 DEBUG 22720 --- [USER-AUTHENTICATION-SERVICE] [http-nio-8087-exec-10] org.hibernate.SQL                        : 
    select
        u1_0.id,
        u1_0.email,
        u1_0.name,
        u1_0.password,
        u1_0.user_role 
    from
        user u1_0 
    where
        u1_0.email=? 
    limit
        ?
2025-09-01T10:53:44.493+05:30 DEBUG 22720 --- [USER-AUTHENTICATION-SERVICE] [http-nio-8087-exec-10] org.hibernate.SQL                        : 
    select
        u1_0.id,
        u1_0.email,
        u1_0.name,
        u1_0.password,
        u1_0.user_role 
    from
        user u1_0 
    where
        u1_0.email=? 
    limit
        ?
2025-09-01T10:53:44.498+05:30 DEBUG 22720 --- [USER-AUTHENTICATION-SERVICE] [http-nio-8087-exec-10] org.hibernate.SQL                        : 
    select
        u1_0.id,
        u1_0.email,
        u1_0.name,
        u1_0.password,
        u1_0.user_role 
    from
        user u1_0 
    where
        u1_0.email=? 
    limit
        ?
2025-09-01T10:54:43.293+05:30  INFO 22720 --- [USER-AUTHENTICATION-SERVICE] [AsyncResolver-bootstrap-executor-%d] c.n.d.s.r.aws.ConfigClusterResolver      : Resolving eureka endpoints via configuration
2025-09-01T10:56:08.149+05:30 DEBUG 22720 --- [USER-AUTHENTICATION-SERVICE] [http-nio-8087-exec-9] org.hibernate.SQL                        : 
    select
        u1_0.id,
        u1_0.email,
        u1_0.name,
        u1_0.password,
        u1_0.user_role 
    from
        user u1_0 
    where
        u1_0.email=? 
    limit
        ?
2025-09-01T10:56:08.520+05:30 DEBUG 22720 --- [USER-AUTHENTICATION-SERVICE] [http-nio-8087-exec-9] org.hibernate.SQL                        : 
    select
        u1_0.id,
        u1_0.email,
        u1_0.name,
        u1_0.password,
        u1_0.user_role 
    from
        user u1_0 
    where
        u1_0.email=? 
    limit
        ?
2025-09-01T10:56:08.529+05:30 DEBUG 22720 --- [USER-AUTHENTICATION-SERVICE] [http-nio-8087-exec-9] org.hibernate.SQL                        : 
    select
        u1_0.id,
        u1_0.email,
        u1_0.name,
        u1_0.password,
        u1_0.user_role 
    from
        user u1_0 
    where
        u1_0.email=? 
    limit
        ?
2025-09-01T10:59:43.345+05:30  INFO 22720 --- [USER-AUTHENTICATION-SERVICE] [AsyncResolver-bootstrap-executor-%d] c.n.d.s.r.aws.ConfigClusterResolver      : Resolving eureka endpoints via configuration
2025-09-01T11:01:37.577+05:30 DEBUG 22720 --- [USER-AUTHENTICATION-SERVICE] [http-nio-8087-exec-2] org.hibernate.SQL                        : 
    select
        u1_0.id,
        u1_0.email,
        u1_0.name,
        u1_0.password,
        u1_0.user_role 
    from
        user u1_0 
    where
        u1_0.email=? 
    limit
        ?
2025-09-01T11:01:38.025+05:30 DEBUG 22720 --- [USER-AUTHENTICATION-SERVICE] [http-nio-8087-exec-2] org.hibernate.SQL                        : 
    select
        u1_0.id,
        u1_0.email,
        u1_0.name,
        u1_0.password,
        u1_0.user_role 
    from
        user u1_0 
    where
        u1_0.email=? 
    limit
        ?
2025-09-01T11:01:38.031+05:30 DEBUG 22720 --- [USER-AUTHENTICATION-SERVICE] [http-nio-8087-exec-2] org.hibernate.SQL                        : 
    select
        u1_0.id,
        u1_0.email,
        u1_0.name,
        u1_0.password,
        u1_0.user_role 
    from
        user u1_0 
    where
        u1_0.email=? 
    limit
        ?
2025-09-01T11:04:43.392+05:30  INFO 22720 --- [USER-AUTHENTICATION-SERVICE] [AsyncResolver-bootstrap-executor-%d] c.n.d.s.r.aws.ConfigClusterResolver      : Resolving eureka endpoints via configuration
2025-09-01T11:09:43.458+05:30  INFO 22720 --- [USER-AUTHENTICATION-SERVICE] [AsyncResolver-bootstrap-executor-%d] c.n.d.s.r.aws.ConfigClusterResolver      : Resolving eureka endpoints via configuration
2025-09-01T11:14:43.616+05:30  INFO 22720 --- [USER-AUTHENTICATION-SERVICE] [AsyncResolver-bootstrap-executor-%d] c.n.d.s.r.aws.ConfigClusterResolver      : Resolving eureka endpoints via configuration
2025-09-01T11:19:43.896+05:30  INFO 22720 --- [USER-AUTHENTICATION-SERVICE] [AsyncResolver-bootstrap-executor-%d] c.n.d.s.r.aws.ConfigClusterResolver      : Resolving eureka endpoints via configuration
2025-09-01T11:24:43.950+05:30  INFO 22720 --- [USER-AUTHENTICATION-SERVICE] [AsyncResolver-bootstrap-executor-%d] c.n.d.s.r.aws.ConfigClusterResolver      : Resolving eureka endpoints via configuration
2025-09-01T11:24:49.207+05:30 DEBUG 22720 --- [USER-AUTHENTICATION-SERVICE] [http-nio-8087-exec-5] org.hibernate.SQL                        : 
    select
        u1_0.id,
        u1_0.email,
        u1_0.name,
        u1_0.password,
        u1_0.user_role 
    from
        user u1_0 
    where
        u1_0.email=? 
    limit
        ?
2025-09-01T11:24:49.616+05:30 DEBUG 22720 --- [USER-AUTHENTICATION-SERVICE] [http-nio-8087-exec-5] org.hibernate.SQL                        : 
    select
        u1_0.id,
        u1_0.email,
        u1_0.name,
        u1_0.password,
        u1_0.user_role 
    from
        user u1_0 
    where
        u1_0.email=? 
    limit
        ?
2025-09-01T11:24:49.622+05:30 DEBUG 22720 --- [USER-AUTHENTICATION-SERVICE] [http-nio-8087-exec-5] org.hibernate.SQL                        : 
    select
        u1_0.id,
        u1_0.email,
        u1_0.name,
        u1_0.password,
        u1_0.user_role 
    from
        user u1_0 
    where
        u1_0.email=? 
    limit
        ?
2025-09-01T11:27:08.719+05:30 DEBUG 22720 --- [USER-AUTHENTICATION-SERVICE] [http-nio-8087-exec-6] org.hibernate.SQL                        : 
    select
        u1_0.id,
        u1_0.email,
        u1_0.name,
        u1_0.password,
        u1_0.user_role 
    from
        user u1_0 
    where
        u1_0.email=? 
    limit
        ?
2025-09-01T11:27:09.417+05:30 DEBUG 22720 --- [USER-AUTHENTICATION-SERVICE] [http-nio-8087-exec-6] org.hibernate.SQL                        : 
    select
        u1_0.id,
        u1_0.email,
        u1_0.name,
        u1_0.password,
        u1_0.user_role 
    from
        user u1_0 
    where
        u1_0.email=? 
    limit
        ?
2025-09-01T11:27:09.423+05:30 DEBUG 22720 --- [USER-AUTHENTICATION-SERVICE] [http-nio-8087-exec-6] org.hibernate.SQL                        : 
    select
        u1_0.id,
        u1_0.email,
        u1_0.name,
        u1_0.password,
        u1_0.user_role 
    from
        user u1_0 
    where
        u1_0.email=? 
    limit
        ?
2025-09-01T11:29:44.022+05:30  INFO 22720 --- [USER-AUTHENTICATION-SERVICE] [AsyncResolver-bootstrap-executor-%d] c.n.d.s.r.aws.ConfigClusterResolver      : Resolving eureka endpoints via configuration
2025-09-01T11:34:44.117+05:30  INFO 22720 --- [USER-AUTHENTICATION-SERVICE] [AsyncResolver-bootstrap-executor-%d] c.n.d.s.r.aws.ConfigClusterResolver      : Resolving eureka endpoints via configuration
2025-09-01T11:39:44.212+05:30  INFO 22720 --- [USER-AUTHENTICATION-SERVICE] [AsyncResolver-bootstrap-executor-%d] c.n.d.s.r.aws.ConfigClusterResolver      : Resolving eureka endpoints via configuration
2025-09-01T11:44:44.375+05:30  INFO 22720 --- [USER-AUTHENTICATION-SERVICE] [AsyncResolver-bootstrap-executor-%d] c.n.d.s.r.aws.ConfigClusterResolver      : Resolving eureka endpoints via configuration
2025-09-01T11:49:44.466+05:30  INFO 22720 --- [USER-AUTHENTICATION-SERVICE] [AsyncResolver-bootstrap-executor-%d] c.n.d.s.r.aws.ConfigClusterResolver      : Resolving eureka endpoints via configuration
2025-09-01T12:34:18.811+05:30  INFO 19324 --- [USER-AUTHENTICATION-SERVICE] [restartedMain] c.hospital.CarerOutfitServerApplication  : Starting CarerOutfitServerApplication using Java 21.0.7 with PID 19324 (C:\Users\226m1\OneDrive\Desktop\Hospital management\UserAuth-Server\target\classes started by 226m1 in C:\Users\226m1\OneDrive\Desktop\Hospital management\UserAuth-Server)
2025-09-01T12:34:18.814+05:30  INFO 19324 --- [USER-AUTHENTICATION-SERVICE] [restartedMain] c.hospital.CarerOutfitServerApplication  : No active profile set, falling back to 1 default profile: "default"
2025-09-01T12:34:18.886+05:30  INFO 19324 --- [USER-AUTHENTICATION-SERVICE] [restartedMain] o.s.c.c.c.ConfigServerConfigDataLoader   : Fetching config from server at : http://localhost:9092
2025-09-01T12:34:18.888+05:30  INFO 19324 --- [USER-AUTHENTICATION-SERVICE] [restartedMain] o.s.c.c.c.ConfigServerConfigDataLoader   : Located environment: name=USER-AUTHENTICATION-SERVICE, profiles=[default], label=null, version=14dadc3e11ddbe0225635e5e5bfece5c2269a127, state=
2025-09-01T12:34:18.893+05:30  INFO 19324 --- [USER-AUTHENTICATION-SERVICE] [restartedMain] .e.DevToolsPropertyDefaultsPostProcessor : Devtools property defaults active! Set 'spring.devtools.add-properties' to 'false' to disable
2025-09-01T12:34:18.894+05:30  INFO 19324 --- [USER-AUTHENTICATION-SERVICE] [restartedMain] .e.DevToolsPropertyDefaultsPostProcessor : For additional web related logging consider setting the 'logging.level.web' property to 'DEBUG'
2025-09-01T12:34:20.601+05:30  INFO 19324 --- [USER-AUTHENTICATION-SERVICE] [restartedMain] .s.d.r.c.RepositoryConfigurationDelegate : Bootstrapping Spring Data JPA repositories in DEFAULT mode.
2025-09-01T12:34:20.857+05:30  INFO 19324 --- [USER-AUTHENTICATION-SERVICE] [restartedMain] .s.d.r.c.RepositoryConfigurationDelegate : Finished Spring Data repository scanning in 243 ms. Found 2 JPA repository interfaces.
2025-09-01T12:34:21.161+05:30  INFO 19324 --- [USER-AUTHENTICATION-SERVICE] [restartedMain] o.s.cloud.context.scope.GenericScope     : BeanFactory id=82d0179c-0207-38c3-9289-e68672e2152b
2025-09-01T12:34:21.967+05:30  INFO 19324 --- [USER-AUTHENTICATION-SERVICE] [restartedMain] o.s.b.w.embedded.tomcat.TomcatWebServer  : Tomcat initialized with port 8087 (http)
2025-09-01T12:34:22.000+05:30  INFO 19324 --- [USER-AUTHENTICATION-SERVICE] [restartedMain] o.apache.catalina.core.StandardService   : Starting service [Tomcat]
2025-09-01T12:34:22.001+05:30  INFO 19324 --- [USER-AUTHENTICATION-SERVICE] [restartedMain] o.apache.catalina.core.StandardEngine    : Starting Servlet engine: [Apache Tomcat/10.1.44]
2025-09-01T12:34:22.108+05:30  INFO 19324 --- [USER-AUTHENTICATION-SERVICE] [restartedMain] o.a.c.c.C.[Tomcat].[localhost].[/]       : Initializing Spring embedded WebApplicationContext
2025-09-01T12:34:22.109+05:30  INFO 19324 --- [USER-AUTHENTICATION-SERVICE] [restartedMain] w.s.c.ServletWebServerApplicationContext : Root WebApplicationContext: initialization completed in 3214 ms
2025-09-01T12:34:22.927+05:30  INFO 19324 --- [USER-AUTHENTICATION-SERVICE] [restartedMain] o.hibernate.jpa.internal.util.LogHelper  : HHH000204: Processing PersistenceUnitInfo [name: default]
2025-09-01T12:34:23.021+05:30  INFO 19324 --- [USER-AUTHENTICATION-SERVICE] [restartedMain] org.hibernate.Version                    : HHH000412: Hibernate ORM core version 6.6.26.Final
2025-09-01T12:34:23.078+05:30  INFO 19324 --- [USER-AUTHENTICATION-SERVICE] [restartedMain] o.h.c.internal.RegionFactoryInitiator    : HHH000026: Second-level cache disabled
2025-09-01T12:34:23.503+05:30  INFO 19324 --- [USER-AUTHENTICATION-SERVICE] [restartedMain] o.s.o.j.p.SpringPersistenceUnitInfo      : No LoadTimeWeaver setup: ignoring JPA class transformer
2025-09-01T12:34:23.546+05:30  INFO 19324 --- [USER-AUTHENTICATION-SERVICE] [restartedMain] com.zaxxer.hikari.HikariDataSource       : HikariPool-1 - Starting...
2025-09-01T12:34:24.286+05:30  INFO 19324 --- [USER-AUTHENTICATION-SERVICE] [restartedMain] com.zaxxer.hikari.pool.HikariPool        : HikariPool-1 - Added connection com.mysql.cj.jdbc.ConnectionImpl@7701dd08
2025-09-01T12:34:24.289+05:30  INFO 19324 --- [USER-AUTHENTICATION-SERVICE] [restartedMain] com.zaxxer.hikari.HikariDataSource       : HikariPool-1 - Start completed.
2025-09-01T12:34:24.507+05:30  INFO 19324 --- [USER-AUTHENTICATION-SERVICE] [restartedMain] org.hibernate.orm.connections.pooling    : HHH10001005: Database info:
	Database JDBC URL [Connecting through datasource 'HikariDataSource (HikariPool-1)']
	Database driver: undefined/unknown
	Database version: 8.0.42
	Autocommit mode: undefined/unknown
	Isolation level: undefined/unknown
	Minimum pool size: undefined/unknown
	Maximum pool size: undefined/unknown
2025-09-01T12:34:26.349+05:30  INFO 19324 --- [USER-AUTHENTICATION-SERVICE] [restartedMain] o.h.e.t.j.p.i.JtaPlatformInitiator       : HHH000489: No JTA platform available (set 'hibernate.transaction.jta.platform' to enable JTA platform integration)
2025-09-01T12:34:26.740+05:30  INFO 19324 --- [USER-AUTHENTICATION-SERVICE] [restartedMain] j.LocalContainerEntityManagerFactoryBean : Initialized JPA EntityManagerFactory for persistence unit 'default'
2025-09-01T12:34:28.176+05:30 DEBUG 19324 --- [USER-AUTHENTICATION-SERVICE] [restartedMain] org.hibernate.SQL                        : 
    select
        u1_0.id,
        u1_0.email,
        u1_0.name,
        u1_0.password,
        u1_0.user_role 
    from
        user u1_0 
    where
        u1_0.user_role=?
2025-09-01T12:34:28.423+05:30  INFO 19324 --- [USER-AUTHENTICATION-SERVICE] [restartedMain] eAuthenticationProviderManagerConfigurer : Global AuthenticationManager configured with AuthenticationProvider bean with name authenticationProvider
2025-09-01T12:34:28.604+05:30  WARN 19324 --- [USER-AUTHENTICATION-SERVICE] [restartedMain] JpaBaseConfiguration$JpaWebConfiguration : spring.jpa.open-in-view is enabled by default. Therefore, database queries may be performed during view rendering. Explicitly configure spring.jpa.open-in-view to disable this warning
2025-09-01T12:34:30.615+05:30  INFO 19324 --- [USER-AUTHENTICATION-SERVICE] [restartedMain] o.s.cloud.commons.util.InetUtils         : Cannot determine local hostname
2025-09-01T12:34:31.166+05:30  INFO 19324 --- [USER-AUTHENTICATION-SERVICE] [restartedMain] o.s.b.a.e.web.EndpointLinksResolver      : Exposing 17 endpoints beneath base path '/actuator'
2025-09-01T12:34:33.169+05:30  INFO 19324 --- [USER-AUTHENTICATION-SERVICE] [restartedMain] o.s.b.d.a.OptionalLiveReloadServer       : LiveReload server is running on port 35729
2025-09-01T12:34:34.196+05:30  INFO 19324 --- [USER-AUTHENTICATION-SERVICE] [restartedMain] o.s.cloud.commons.util.InetUtils         : Cannot determine local hostname
2025-09-01T12:34:34.302+05:30  INFO 19324 --- [USER-AUTHENTICATION-SERVICE] [restartedMain] DiscoveryClientOptionalArgsConfiguration : Eureka HTTP Client uses RestTemplate.
2025-09-01T12:34:34.480+05:30  WARN 19324 --- [USER-AUTHENTICATION-SERVICE] [restartedMain] iguration$LoadBalancerCaffeineWarnLogger : Spring Cloud LoadBalancer is currently working with the default cache. While this cache implementation is useful for development and tests, it's recommended to use Caffeine cache in production.You can switch to using Caffeine cache, by adding it and org.springframework.cache.caffeine.CaffeineCacheManager to the classpath.
2025-09-01T12:34:34.891+05:30  INFO 19324 --- [USER-AUTHENTICATION-SERVICE] [restartedMain] o.s.c.n.eureka.InstanceInfoFactory       : Setting initial instance status as: STARTING
2025-09-01T12:34:34.929+05:30  INFO 19324 --- [USER-AUTHENTICATION-SERVICE] [restartedMain] com.netflix.discovery.DiscoveryClient    : Initializing Eureka in region us-east-1
2025-09-01T12:34:34.935+05:30  INFO 19324 --- [USER-AUTHENTICATION-SERVICE] [restartedMain] c.n.d.s.r.aws.ConfigClusterResolver      : Resolving eureka endpoints via configuration
2025-09-01T12:34:34.950+05:30  INFO 19324 --- [USER-AUTHENTICATION-SERVICE] [restartedMain] com.netflix.discovery.DiscoveryClient    : Disable delta property : false
2025-09-01T12:34:34.951+05:30  INFO 19324 --- [USER-AUTHENTICATION-SERVICE] [restartedMain] com.netflix.discovery.DiscoveryClient    : Single vip registry refresh property : null
2025-09-01T12:34:34.952+05:30  INFO 19324 --- [USER-AUTHENTICATION-SERVICE] [restartedMain] com.netflix.discovery.DiscoveryClient    : Force full registry fetch : false
2025-09-01T12:34:34.952+05:30  INFO 19324 --- [USER-AUTHENTICATION-SERVICE] [restartedMain] com.netflix.discovery.DiscoveryClient    : Application is null : false
2025-09-01T12:34:34.952+05:30  INFO 19324 --- [USER-AUTHENTICATION-SERVICE] [restartedMain] com.netflix.discovery.DiscoveryClient    : Registered Applications size is zero : true
2025-09-01T12:34:34.953+05:30  INFO 19324 --- [USER-AUTHENTICATION-SERVICE] [restartedMain] com.netflix.discovery.DiscoveryClient    : Application version is -1: true
2025-09-01T12:34:34.953+05:30  INFO 19324 --- [USER-AUTHENTICATION-SERVICE] [restartedMain] com.netflix.discovery.DiscoveryClient    : Getting all instance registry info from the eureka server
2025-09-01T12:34:35.608+05:30  INFO 19324 --- [USER-AUTHENTICATION-SERVICE] [restartedMain] com.netflix.discovery.DiscoveryClient    : The response status is 200
2025-09-01T12:34:35.613+05:30  INFO 19324 --- [USER-AUTHENTICATION-SERVICE] [restartedMain] com.netflix.discovery.DiscoveryClient    : Starting heartbeat executor: renew interval is: 30
2025-09-01T12:34:35.618+05:30  INFO 19324 --- [USER-AUTHENTICATION-SERVICE] [restartedMain] c.n.discovery.InstanceInfoReplicator     : InstanceInfoReplicator onDemand update allowed rate per min is 4
2025-09-01T12:34:35.621+05:30  INFO 19324 --- [USER-AUTHENTICATION-SERVICE] [restartedMain] com.netflix.discovery.DiscoveryClient    : Discovery Client initialized at timestamp 1756710275621 with initial instances count: 2
2025-09-01T12:34:35.643+05:30  INFO 19324 --- [USER-AUTHENTICATION-SERVICE] [restartedMain] o.s.c.n.e.s.EurekaServiceRegistry        : Registering application USER-AUTHENTICATION-SERVICE with eureka with status UP
2025-09-01T12:34:35.644+05:30  INFO 19324 --- [USER-AUTHENTICATION-SERVICE] [restartedMain] com.netflix.discovery.DiscoveryClient    : Saw local status change event StatusChangeEvent [timestamp=1756710275644, current=UP, previous=STARTING]
2025-09-01T12:34:35.652+05:30  INFO 19324 --- [USER-AUTHENTICATION-SERVICE] [DiscoveryClient-InstanceInfoReplicator-%d] com.netflix.discovery.DiscoveryClient    : DiscoveryClient_USER-AUTHENTICATION-SERVICE/localhost:USER-AUTHENTICATION-SERVICE:8087: registering service...
2025-09-01T12:34:35.702+05:30  INFO 19324 --- [USER-AUTHENTICATION-SERVICE] [restartedMain] o.s.b.w.embedded.tomcat.TomcatWebServer  : Tomcat started on port 8087 (http) with context path '/'
2025-09-01T12:34:35.705+05:30  INFO 19324 --- [USER-AUTHENTICATION-SERVICE] [restartedMain] .s.c.n.e.s.EurekaAutoServiceRegistration : Updating port to 8087
2025-09-01T12:34:35.740+05:30  INFO 19324 --- [USER-AUTHENTICATION-SERVICE] [DiscoveryClient-InstanceInfoReplicator-%d] com.netflix.discovery.DiscoveryClient    : DiscoveryClient_USER-AUTHENTICATION-SERVICE/localhost:USER-AUTHENTICATION-SERVICE:8087 - registration status: 204
2025-09-01T12:34:36.725+05:30  INFO 19324 --- [USER-AUTHENTICATION-SERVICE] [restartedMain] o.s.cloud.commons.util.InetUtils         : Cannot determine local hostname
2025-09-01T12:34:36.779+05:30  INFO 19324 --- [USER-AUTHENTICATION-SERVICE] [restartedMain] c.hospital.CarerOutfitServerApplication  : Started CarerOutfitServerApplication in 20.833 seconds (process running for 21.896)
2025-09-01T12:34:37.451+05:30  INFO 19324 --- [USER-AUTHENTICATION-SERVICE] [RMI TCP Connection(4)-127.0.0.1] o.a.c.c.C.[Tomcat].[localhost].[/]       : Initializing Spring DispatcherServlet 'dispatcherServlet'
2025-09-01T12:34:37.452+05:30  INFO 19324 --- [USER-AUTHENTICATION-SERVICE] [RMI TCP Connection(4)-127.0.0.1] o.s.web.servlet.DispatcherServlet        : Initializing Servlet 'dispatcherServlet'
2025-09-01T12:34:37.453+05:30  INFO 19324 --- [USER-AUTHENTICATION-SERVICE] [RMI TCP Connection(4)-127.0.0.1] o.s.web.servlet.DispatcherServlet        : Completed initialization in 1 ms
2025-09-01T12:36:32.941+05:30 DEBUG 19324 --- [USER-AUTHENTICATION-SERVICE] [http-nio-8087-exec-2] org.hibernate.SQL                        : 
    select
        u1_0.id,
        u1_0.email,
        u1_0.name,
        u1_0.password,
        u1_0.user_role 
    from
        user u1_0 
    where
        u1_0.email=? 
    limit
        ?
2025-09-01T12:37:03.129+05:30 DEBUG 19324 --- [USER-AUTHENTICATION-SERVICE] [http-nio-8087-exec-3] org.hibernate.SQL                        : 
    select
        u1_0.id,
        u1_0.email,
        u1_0.name,
        u1_0.password,
        u1_0.user_role 
    from
        user u1_0 
    where
        u1_0.email=? 
    limit
        ?
2025-09-01T12:37:05.076+05:30 DEBUG 19324 --- [USER-AUTHENTICATION-SERVICE] [http-nio-8087-exec-1] org.hibernate.SQL                        : 
    select
        u1_0.id,
        u1_0.email,
        u1_0.name,
        u1_0.password,
        u1_0.user_role 
    from
        user u1_0 
    where
        u1_0.email=? 
    limit
        ?
2025-09-01T12:37:06.125+05:30 DEBUG 19324 --- [USER-AUTHENTICATION-SERVICE] [http-nio-8087-exec-4] org.hibernate.SQL                        : 
    select
        u1_0.id,
        u1_0.email,
        u1_0.name,
        u1_0.password,
        u1_0.user_role 
    from
        user u1_0 
    where
        u1_0.email=? 
    limit
        ?
2025-09-01T12:39:06.572+05:30 DEBUG 19324 --- [USER-AUTHENTICATION-SERVICE] [http-nio-8087-exec-6] org.hibernate.SQL                        : 
    select
        u1_0.id,
        u1_0.email,
        u1_0.name,
        u1_0.password,
        u1_0.user_role 
    from
        user u1_0 
    where
        u1_0.email=? 
    limit
        ?
2025-09-01T12:39:07.357+05:30 DEBUG 19324 --- [USER-AUTHENTICATION-SERVICE] [http-nio-8087-exec-7] org.hibernate.SQL                        : 
    select
        u1_0.id,
        u1_0.email,
        u1_0.name,
        u1_0.password,
        u1_0.user_role 
    from
        user u1_0 
    where
        u1_0.email=? 
    limit
        ?
2025-09-01T12:39:21.622+05:30 DEBUG 19324 --- [USER-AUTHENTICATION-SERVICE] [http-nio-8087-exec-9] org.hibernate.SQL                        : 
    select
        u1_0.id,
        u1_0.email,
        u1_0.name,
        u1_0.password,
        u1_0.user_role 
    from
        user u1_0 
    where
        u1_0.email=? 
    limit
        ?
2025-09-01T12:39:21.833+05:30 DEBUG 19324 --- [USER-AUTHENTICATION-SERVICE] [http-nio-8087-exec-9] org.hibernate.SQL                        : 
    select
        u1_0.id,
        u1_0.email,
        u1_0.name,
        u1_0.password,
        u1_0.user_role 
    from
        user u1_0 
    where
        u1_0.email=? 
    limit
        ?
2025-09-01T12:39:21.842+05:30 DEBUG 19324 --- [USER-AUTHENTICATION-SERVICE] [http-nio-8087-exec-9] org.hibernate.SQL                        : 
    select
        u1_0.id,
        u1_0.email,
        u1_0.name,
        u1_0.password,
        u1_0.user_role 
    from
        user u1_0 
    where
        u1_0.email=? 
    limit
        ?
2025-09-01T12:39:34.963+05:30  INFO 19324 --- [USER-AUTHENTICATION-SERVICE] [AsyncResolver-bootstrap-executor-%d] c.n.d.s.r.aws.ConfigClusterResolver      : Resolving eureka endpoints via configuration
2025-09-01T12:44:34.986+05:30  INFO 19324 --- [USER-AUTHENTICATION-SERVICE] [AsyncResolver-bootstrap-executor-%d] c.n.d.s.r.aws.ConfigClusterResolver      : Resolving eureka endpoints via configuration
2025-09-01T12:49:35.078+05:30  INFO 19324 --- [USER-AUTHENTICATION-SERVICE] [AsyncResolver-bootstrap-executor-%d] c.n.d.s.r.aws.ConfigClusterResolver      : Resolving eureka endpoints via configuration
2025-09-02T22:58:27.015+05:30  INFO 15384 --- [USER-AUTHENTICATION-SERVICE] [restartedMain] c.hospital.CarerOutfitServerApplication  : Starting CarerOutfitServerApplication using Java 21.0.8 with PID 15384 (C:\Users\dhasa\OneDrive\Desktop\G_Repoo\BE\hospital-management\UserAuth-Server\target\classes started by dhasa in C:\Users\dhasa\OneDrive\Desktop\G_Repoo\BE\hospital-management\UserAuth-Server)
2025-09-02T22:58:27.020+05:30  INFO 15384 --- [USER-AUTHENTICATION-SERVICE] [restartedMain] c.hospital.CarerOutfitServerApplication  : No active profile set, falling back to 1 default profile: "default"
2025-09-02T22:58:27.085+05:30  INFO 15384 --- [USER-AUTHENTICATION-SERVICE] [restartedMain] o.s.c.c.c.ConfigServerConfigDataLoader   : Fetching config from server at : http://localhost:9092
2025-09-02T22:58:27.086+05:30  INFO 15384 --- [USER-AUTHENTICATION-SERVICE] [restartedMain] o.s.c.c.c.ConfigServerConfigDataLoader   : Located environment: name=USER-AUTHENTICATION-SERVICE, profiles=[default], label=null, version=14dadc3e11ddbe0225635e5e5bfece5c2269a127, state=
2025-09-02T22:58:27.089+05:30  INFO 15384 --- [USER-AUTHENTICATION-SERVICE] [restartedMain] .e.DevToolsPropertyDefaultsPostProcessor : Devtools property defaults active! Set 'spring.devtools.add-properties' to 'false' to disable
2025-09-02T22:58:27.090+05:30  INFO 15384 --- [USER-AUTHENTICATION-SERVICE] [restartedMain] .e.DevToolsPropertyDefaultsPostProcessor : For additional web related logging consider setting the 'logging.level.web' property to 'DEBUG'
2025-09-02T22:58:28.548+05:30  INFO 15384 --- [USER-AUTHENTICATION-SERVICE] [restartedMain] .s.d.r.c.RepositoryConfigurationDelegate : Bootstrapping Spring Data JPA repositories in DEFAULT mode.
2025-09-02T22:58:28.806+05:30  INFO 15384 --- [USER-AUTHENTICATION-SERVICE] [restartedMain] .s.d.r.c.RepositoryConfigurationDelegate : Finished Spring Data repository scanning in 243 ms. Found 2 JPA repository interfaces.
2025-09-02T22:58:29.125+05:30  INFO 15384 --- [USER-AUTHENTICATION-SERVICE] [restartedMain] o.s.cloud.context.scope.GenericScope     : BeanFactory id=82d0179c-0207-38c3-9289-e68672e2152b
2025-09-02T22:58:29.732+05:30  INFO 15384 --- [USER-AUTHENTICATION-SERVICE] [restartedMain] o.s.b.w.embedded.tomcat.TomcatWebServer  : Tomcat initialized with port 8087 (http)
2025-09-02T22:58:29.754+05:30  INFO 15384 --- [USER-AUTHENTICATION-SERVICE] [restartedMain] o.apache.catalina.core.StandardService   : Starting service [Tomcat]
2025-09-02T22:58:29.754+05:30  INFO 15384 --- [USER-AUTHENTICATION-SERVICE] [restartedMain] o.apache.catalina.core.StandardEngine    : Starting Servlet engine: [Apache Tomcat/10.1.44]
2025-09-02T22:58:29.825+05:30  INFO 15384 --- [USER-AUTHENTICATION-SERVICE] [restartedMain] o.a.c.c.C.[Tomcat].[localhost].[/]       : Initializing Spring embedded WebApplicationContext
2025-09-02T22:58:29.826+05:30  INFO 15384 --- [USER-AUTHENTICATION-SERVICE] [restartedMain] w.s.c.ServletWebServerApplicationContext : Root WebApplicationContext: initialization completed in 2735 ms
2025-09-02T22:58:30.261+05:30  INFO 15384 --- [USER-AUTHENTICATION-SERVICE] [restartedMain] o.hibernate.jpa.internal.util.LogHelper  : HHH000204: Processing PersistenceUnitInfo [name: default]
2025-09-02T22:58:30.387+05:30  INFO 15384 --- [USER-AUTHENTICATION-SERVICE] [restartedMain] org.hibernate.Version                    : HHH000412: Hibernate ORM core version 6.6.26.Final
2025-09-02T22:58:30.448+05:30  INFO 15384 --- [USER-AUTHENTICATION-SERVICE] [restartedMain] o.h.c.internal.RegionFactoryInitiator    : HHH000026: Second-level cache disabled
2025-09-02T22:58:30.827+05:30  INFO 15384 --- [USER-AUTHENTICATION-SERVICE] [restartedMain] o.s.o.j.p.SpringPersistenceUnitInfo      : No LoadTimeWeaver setup: ignoring JPA class transformer
2025-09-02T22:58:30.877+05:30  INFO 15384 --- [USER-AUTHENTICATION-SERVICE] [restartedMain] com.zaxxer.hikari.HikariDataSource       : HikariPool-1 - Starting...
2025-09-02T22:58:31.384+05:30  INFO 15384 --- [USER-AUTHENTICATION-SERVICE] [restartedMain] com.zaxxer.hikari.pool.HikariPool        : HikariPool-1 - Added connection com.mysql.cj.jdbc.ConnectionImpl@463f1d8a
2025-09-02T22:58:31.389+05:30  INFO 15384 --- [USER-AUTHENTICATION-SERVICE] [restartedMain] com.zaxxer.hikari.HikariDataSource       : HikariPool-1 - Start completed.
2025-09-02T22:58:31.567+05:30  INFO 15384 --- [USER-AUTHENTICATION-SERVICE] [restartedMain] org.hibernate.orm.connections.pooling    : HHH10001005: Database info:
	Database JDBC URL [Connecting through datasource 'HikariDataSource (HikariPool-1)']
	Database driver: undefined/unknown
	Database version: 8.0.43
	Autocommit mode: undefined/unknown
	Isolation level: undefined/unknown
	Minimum pool size: undefined/unknown
	Maximum pool size: undefined/unknown
2025-09-02T22:58:32.939+05:30  INFO 15384 --- [USER-AUTHENTICATION-SERVICE] [restartedMain] o.h.e.t.j.p.i.JtaPlatformInitiator       : HHH000489: No JTA platform available (set 'hibernate.transaction.jta.platform' to enable JTA platform integration)
2025-09-02T22:58:33.039+05:30 DEBUG 15384 --- [USER-AUTHENTICATION-SERVICE] [restartedMain] org.hibernate.SQL                        : 
    create table token (
        id bigint not null auto_increment,
        expires_at datetime(6),
        token varchar(255),
        user_id bigint,
        primary key (id)
    ) engine=InnoDB
2025-09-02T22:58:33.205+05:30 DEBUG 15384 --- [USER-AUTHENTICATION-SERVICE] [restartedMain] org.hibernate.SQL                        : 
    create table user (
        id bigint not null auto_increment,
        email varchar(255),
        name varchar(255),
        password varchar(255),
        user_role tinyint check (user_role between 0 and 4),
        primary key (id)
    ) engine=InnoDB
2025-09-02T22:58:33.253+05:30 DEBUG 15384 --- [USER-AUTHENTICATION-SERVICE] [restartedMain] org.hibernate.SQL                        : 
    alter table token 
       add constraint FKe32ek7ixanakfqsdaokm4q9y2 
       foreign key (user_id) 
       references user (id)
2025-09-02T22:58:33.390+05:30  INFO 15384 --- [USER-AUTHENTICATION-SERVICE] [restartedMain] j.LocalContainerEntityManagerFactoryBean : Initialized JPA EntityManagerFactory for persistence unit 'default'
2025-09-02T22:58:34.052+05:30 DEBUG 15384 --- [USER-AUTHENTICATION-SERVICE] [restartedMain] org.hibernate.SQL                        : 
    select
        u1_0.id,
        u1_0.email,
        u1_0.name,
        u1_0.password,
        u1_0.user_role 
    from
        user u1_0 
    where
        u1_0.user_role=?
2025-09-02T22:58:34.295+05:30 DEBUG 15384 --- [USER-AUTHENTICATION-SERVICE] [restartedMain] org.hibernate.SQL                        : 
    insert 
    into
        user
        (email, name, password, user_role) 
    values
        (?, ?, ?, ?)
2025-09-02T22:58:34.328+05:30  WARN 15384 --- [USER-AUTHENTICATION-SERVICE] [restartedMain] ConfigServletWebServerApplicationContext : Exception encountered during context initialization - cancelling refresh attempt: org.springframework.beans.factory.UnsatisfiedDependencyException: Error creating bean with name 'authController' defined in file [C:\Users\dhasa\OneDrive\Desktop\G_Repoo\BE\hospital-management\UserAuth-Server\target\classes\com\hospital\controller\auth\AuthController.class]: Unsatisfied dependency expressed through constructor parameter 0: Error creating bean with name 'authServiceImpl': Invocation of init method failed
2025-09-02T22:58:34.329+05:30  INFO 15384 --- [USER-AUTHENTICATION-SERVICE] [restartedMain] j.LocalContainerEntityManagerFactoryBean : Closing JPA EntityManagerFactory for persistence unit 'default'
2025-09-02T22:58:34.333+05:30  INFO 15384 --- [USER-AUTHENTICATION-SERVICE] [restartedMain] com.zaxxer.hikari.HikariDataSource       : HikariPool-1 - Shutdown initiated...
2025-09-02T22:58:34.342+05:30  INFO 15384 --- [USER-AUTHENTICATION-SERVICE] [restartedMain] com.zaxxer.hikari.HikariDataSource       : HikariPool-1 - Shutdown completed.
2025-09-02T22:58:34.345+05:30  INFO 15384 --- [USER-AUTHENTICATION-SERVICE] [restartedMain] o.apache.catalina.core.StandardService   : Stopping service [Tomcat]
2025-09-02T22:58:34.363+05:30  INFO 15384 --- [USER-AUTHENTICATION-SERVICE] [restartedMain] .s.b.a.l.ConditionEvaluationReportLogger : 

Error starting ApplicationContext. To display the condition evaluation report re-run your application with 'debug' enabled.
2025-09-02T22:58:34.400+05:30 ERROR 15384 --- [USER-AUTHENTICATION-SERVICE] [restartedMain] o.s.boot.SpringApplication               : Application run failed

org.springframework.beans.factory.UnsatisfiedDependencyException: Error creating bean with name 'authController' defined in file [C:\Users\dhasa\OneDrive\Desktop\G_Repoo\BE\hospital-management\UserAuth-Server\target\classes\com\hospital\controller\auth\AuthController.class]: Unsatisfied dependency expressed through constructor parameter 0: Error creating bean with name 'authServiceImpl': Invocation of init method failed
	at org.springframework.beans.factory.support.ConstructorResolver.createArgumentArray(ConstructorResolver.java:804) ~[spring-beans-6.2.10.jar:6.2.10]
	at org.springframework.beans.factory.support.ConstructorResolver.autowireConstructor(ConstructorResolver.java:240) ~[spring-beans-6.2.10.jar:6.2.10]
	at org.springframework.beans.factory.support.AbstractAutowireCapableBeanFactory.autowireConstructor(AbstractAutowireCapableBeanFactory.java:1395) ~[spring-beans-6.2.10.jar:6.2.10]
	at org.springframework.beans.factory.support.AbstractAutowireCapableBeanFactory.createBeanInstance(AbstractAutowireCapableBeanFactory.java:1232) ~[spring-beans-6.2.10.jar:6.2.10]
	at org.springframework.beans.factory.support.AbstractAutowireCapableBeanFactory.doCreateBean(AbstractAutowireCapableBeanFactory.java:569) ~[spring-beans-6.2.10.jar:6.2.10]
	at org.springframework.beans.factory.support.AbstractAutowireCapableBeanFactory.createBean(AbstractAutowireCapableBeanFactory.java:529) ~[spring-beans-6.2.10.jar:6.2.10]
	at org.springframework.beans.factory.support.AbstractBeanFactory.lambda$doGetBean$0(AbstractBeanFactory.java:339) ~[spring-beans-6.2.10.jar:6.2.10]
	at org.springframework.beans.factory.support.DefaultSingletonBeanRegistry.getSingleton(DefaultSingletonBeanRegistry.java:373) ~[spring-beans-6.2.10.jar:6.2.10]
	at org.springframework.beans.factory.support.AbstractBeanFactory.doGetBean(AbstractBeanFactory.java:337) ~[spring-beans-6.2.10.jar:6.2.10]
	at org.springframework.beans.factory.support.AbstractBeanFactory.getBean(AbstractBeanFactory.java:202) ~[spring-beans-6.2.10.jar:6.2.10]
	at org.springframework.beans.factory.support.DefaultListableBeanFactory.instantiateSingleton(DefaultListableBeanFactory.java:1222) ~[spring-beans-6.2.10.jar:6.2.10]
	at org.springframework.beans.factory.support.DefaultListableBeanFactory.preInstantiateSingleton(DefaultListableBeanFactory.java:1188) ~[spring-beans-6.2.10.jar:6.2.10]
	at org.springframework.beans.factory.support.DefaultListableBeanFactory.preInstantiateSingletons(DefaultListableBeanFactory.java:1123) ~[spring-beans-6.2.10.jar:6.2.10]
	at org.springframework.context.support.AbstractApplicationContext.finishBeanFactoryInitialization(AbstractApplicationContext.java:987) ~[spring-context-6.2.10.jar:6.2.10]
	at org.springframework.context.support.AbstractApplicationContext.refresh(AbstractApplicationContext.java:627) ~[spring-context-6.2.10.jar:6.2.10]
	at org.springframework.boot.web.servlet.context.ServletWebServerApplicationContext.refresh(ServletWebServerApplicationContext.java:146) ~[spring-boot-3.5.5.jar:3.5.5]
	at org.springframework.boot.SpringApplication.refresh(SpringApplication.java:752) ~[spring-boot-3.5.5.jar:3.5.5]
	at org.springframework.boot.SpringApplication.refreshContext(SpringApplication.java:439) ~[spring-boot-3.5.5.jar:3.5.5]
	at org.springframework.boot.SpringApplication.run(SpringApplication.java:318) ~[spring-boot-3.5.5.jar:3.5.5]
	at org.springframework.boot.SpringApplication.run(SpringApplication.java:1361) ~[spring-boot-3.5.5.jar:3.5.5]
	at org.springframework.boot.SpringApplication.run(SpringApplication.java:1350) ~[spring-boot-3.5.5.jar:3.5.5]
	at com.hospital.CarerOutfitServerApplication.main(CarerOutfitServerApplication.java:12) ~[classes/:na]
	at java.base/jdk.internal.reflect.DirectMethodHandleAccessor.invoke(DirectMethodHandleAccessor.java:103) ~[na:na]
	at java.base/java.lang.reflect.Method.invoke(Method.java:580) ~[na:na]
	at org.springframework.boot.devtools.restart.RestartLauncher.run(RestartLauncher.java:50) ~[spring-boot-devtools-3.5.5.jar:3.5.5]
Caused by: org.springframework.beans.factory.BeanCreationException: Error creating bean with name 'authServiceImpl': Invocation of init method failed
	at org.springframework.beans.factory.annotation.InitDestroyAnnotationBeanPostProcessor.postProcessBeforeInitialization(InitDestroyAnnotationBeanPostProcessor.java:222) ~[spring-beans-6.2.10.jar:6.2.10]
	at org.springframework.beans.factory.support.AbstractAutowireCapableBeanFactory.applyBeanPostProcessorsBeforeInitialization(AbstractAutowireCapableBeanFactory.java:429) ~[spring-beans-6.2.10.jar:6.2.10]
	at org.springframework.beans.factory.support.AbstractAutowireCapableBeanFactory.initializeBean(AbstractAutowireCapableBeanFactory.java:1818) ~[spring-beans-6.2.10.jar:6.2.10]
	at org.springframework.beans.factory.support.AbstractAutowireCapableBeanFactory.doCreateBean(AbstractAutowireCapableBeanFactory.java:607) ~[spring-beans-6.2.10.jar:6.2.10]
	at org.springframework.beans.factory.support.AbstractAutowireCapableBeanFactory.createBean(AbstractAutowireCapableBeanFactory.java:529) ~[spring-beans-6.2.10.jar:6.2.10]
	at org.springframework.beans.factory.support.AbstractBeanFactory.lambda$doGetBean$0(AbstractBeanFactory.java:339) ~[spring-beans-6.2.10.jar:6.2.10]
	at org.springframework.beans.factory.support.DefaultSingletonBeanRegistry.getSingleton(DefaultSingletonBeanRegistry.java:373) ~[spring-beans-6.2.10.jar:6.2.10]
	at org.springframework.beans.factory.support.AbstractBeanFactory.doGetBean(AbstractBeanFactory.java:337) ~[spring-beans-6.2.10.jar:6.2.10]
	at org.springframework.beans.factory.support.AbstractBeanFactory.getBean(AbstractBeanFactory.java:202) ~[spring-beans-6.2.10.jar:6.2.10]
	at org.springframework.beans.factory.config.DependencyDescriptor.resolveCandidate(DependencyDescriptor.java:254) ~[spring-beans-6.2.10.jar:6.2.10]
	at org.springframework.beans.factory.support.DefaultListableBeanFactory.doResolveDependency(DefaultListableBeanFactory.java:1752) ~[spring-beans-6.2.10.jar:6.2.10]
	at org.springframework.beans.factory.support.DefaultListableBeanFactory.resolveDependency(DefaultListableBeanFactory.java:1635) ~[spring-beans-6.2.10.jar:6.2.10]
	at org.springframework.beans.factory.support.ConstructorResolver.resolveAutowiredArgument(ConstructorResolver.java:913) ~[spring-beans-6.2.10.jar:6.2.10]
	at org.springframework.beans.factory.support.ConstructorResolver.createArgumentArray(ConstructorResolver.java:791) ~[spring-beans-6.2.10.jar:6.2.10]
	... 24 common frames omitted
Caused by: java.lang.RuntimeException: Oops! Something went wrong
	at com.hospital.services.auth.AuthServiceImpl.createAdminAccount(AuthServiceImpl.java:43) ~[classes/:na]
	at java.base/jdk.internal.reflect.DirectMethodHandleAccessor.invoke(DirectMethodHandleAccessor.java:103) ~[na:na]
	at java.base/java.lang.reflect.Method.invoke(Method.java:580) ~[na:na]
	at org.springframework.beans.factory.annotation.InitDestroyAnnotationBeanPostProcessor$LifecycleMethod.invoke(InitDestroyAnnotationBeanPostProcessor.java:457) ~[spring-beans-6.2.10.jar:6.2.10]
	at org.springframework.beans.factory.annotation.InitDestroyAnnotationBeanPostProcessor$LifecycleMetadata.invokeInitMethods(InitDestroyAnnotationBeanPostProcessor.java:401) ~[spring-beans-6.2.10.jar:6.2.10]
	at org.springframework.beans.factory.annotation.InitDestroyAnnotationBeanPostProcessor.postProcessBeforeInitialization(InitDestroyAnnotationBeanPostProcessor.java:219) ~[spring-beans-6.2.10.jar:6.2.10]
	... 37 common frames omitted

